--- Copying files at Wed Sep  8 10:35:33 UTC 2021
--- Copying files at Wed Sep  8 10:45:48 UTC 2021
--- Copying files at Thu Sep  9 04:40:54 UTC 2021
--- Copying files at Thu Sep  9 05:44:38 UTC 2021
--- Copying files at Fri Sep 10 04:33:22 UTC 2021
--- Copying files at Sat Sep 11 04:45:48 UTC 2021
--- Copying files at Sat Sep 11 14:40:28 UTC 2021
--- Copying files at Sat Sep 11 14:42:01 UTC 2021
--- Copying files at Mon Sep 13 09:02:15 UTC 2021
--- Copying files at Mon Sep 13 09:51:37 UTC 2021
--- Copying files at Mon Sep 13 16:26:34 UTC 2021
--- Copying files at Wed Sep 15 03:21:48 UTC 2021
--- Copying files at Wed Sep 15 03:23:54 UTC 2021
--- Copying files at Wed Sep 15 09:58:16 UTC 2021
--- Copying files at Thu Sep 16 04:50:36 UTC 2021
--- Copying files at Fri Sep 17 02:40:13 UTC 2021
--- Copying files at Fri Sep 17 14:58:29 UTC 2021
--- Copying files at Sat Sep 18 13:59:05 UTC 2021
--- Copying files at Sat Sep 18 15:01:56 UTC 2021
--- Copying files at Sun Sep 19 12:21:46 UTC 2021
--- Copying files at Mon Sep 20 09:19:12 UTC 2021
--- Copying files at Tue Sep 21 08:23:05 UTC 2021
--- Copying files at Wed Sep 22 08:03:36 UTC 2021
--- Copying files at Wed Sep 22 16:17:30 UTC 2021
--- Copying files at Wed Sep 22 16:48:44 UTC 2021
